# JRE version: Java(TM) SE Runtime Environment 18.9 (11.0.9+7) (build 11.0.9+7-LTS)
# Java VM: Java HotSpot(TM) 64-Bit Server VM 18.9 (11.0.9+7-LTS, mixed mode, tiered, compressed oops, g1 gc, windows-amd64)
Heap:
 garbage-first heap   total 131072K, used 35840K [0x0000000081a00000, 0x0000000100000000)
  region size 1024K, 35 young (35840K), 9 survivors (9216K)
 Metaspace       used 40614K, capacity 41140K, committed 41344K, reserved 1085440K
  class space    used 4942K, capacity 5126K, committed 5248K, reserved 1048576K
GC Heap History (6 events):
Event: 0.667 GC heap before
{Heap before GC invocations=0 (full 0):
 garbage-first heap   total 131072K, used 24576K [0x0000000081a00000, 0x0000000100000000)
  region size 1024K, 24 young (24576K), 0 survivors (0K)
 Metaspace       used 7388K, capacity 7532K, committed 7680K, reserved 1056768K
  class space    used 660K, capacity 709K, committed 768K, reserved 1048576K
}
Event: 0.670 GC heap after
{Heap after GC invocations=1 (full 0):
 garbage-first heap   total 131072K, used 3093K [0x0000000081a00000, 0x0000000100000000)
  region size 1024K, 3 young (3072K), 3 survivors (3072K)
 Metaspace       used 7388K, capacity 7532K, committed 7680K, reserved 1056768K
  class space    used 660K, capacity 709K, committed 768K, reserved 1048576K
}
Event: 1.676 GC heap before
{Heap before GC invocations=1 (full 0):
 garbage-first heap   total 131072K, used 59413K [0x0000000081a00000, 0x0000000100000000)
  region size 1024K, 60 young (61440K), 3 survivors (3072K)
 Metaspace       used 20919K, capacity 21235K, committed 21248K, reserved 1069056K
  class space    used 2410K, capacity 2548K, committed 2560K, reserved 1048576K
}
Event: 1.684 GC heap after
{Heap after GC invocations=2 (full 0):
 garbage-first heap   total 131072K, used 5766K [0x0000000081a00000, 0x0000000100000000)
  region size 1024K, 5 young (5120K), 5 survivors (5120K)
 Metaspace       used 20919K, capacity 21235K, committed 21248K, reserved 1069056K
  class space    used 2410K, capacity 2548K, committed 2560K, reserved 1048576K
}
Event: 2.688 GC heap before
{Heap before GC invocations=3 (full 0):
 garbage-first heap   total 131072K, used 57990K [0x0000000081a00000, 0x0000000100000000)
  region size 1024K, 58 young (59392K), 5 survivors (5120K)
 Metaspace       used 35382K, capacity 35788K, committed 35840K, reserved 1081344K
  class space    used 4167K, capacity 4302K, committed 4352K, reserved 1048576K
}
Event: 2.699 GC heap after
{Heap after GC invocations=4 (full 0):
 garbage-first heap   total 131072K, used 10240K [0x0000000081a00000, 0x0000000100000000)
  region size 1024K, 9 young (9216K), 9 survivors (9216K)
 Metaspace       used 35382K, capacity 35788K, committed 35840K, reserved 1081344K
  class space    used 4167K, capacity 4302K, committed 4352K, reserved 1048576K
}

