<?xml version="1.0" encoding="UTF-8" ?>
<testsuite tests="5" failures="0" name="mate.academy.hibernate.relations.dao.impl.MovieDaoImplTest" time="0.6" errors="0" skipped="0">
  <properties>
[...]
</properties>
  <testcase classname="mate.academy.hibernate.relations.dao.impl.MovieDaoImplTest" name="saveWithActor_ok" time="0.205"/>
  <testcase classname="mate.academy.hibernate.relations.dao.impl.MovieDaoImplTest" name="saveWithActorAndCountry_ok" time="0.107"/>
  <testcase classname="mate.academy.hibernate.relations.dao.impl.MovieDaoImplTest" name="create_Ok" time="0.09"/>
  <testcase classname="mate.academy.hibernate.relations.dao.impl.MovieDaoImplTest" name="getById_Ok" time="0.111"/>
  <testcase classname="mate.academy.hibernate.relations.dao.impl.MovieDaoImplTest" name="getByNotExistingId_Ok" time="0.087"/>
</testsuite>